#
# A fatal error has been detected by the Java Runtime Environment:
#
#  EXCEPTION_ACCESS_VIOLATION (0xc0000005) at pc=0x00007ffc9773fa7a, pid=2864, tid=12452
#
# JRE version: OpenJDK Runtime Environment Temurin-17.0.4+8 (17.0.4+8) (build 17.0.4+8)
# Java VM: OpenJDK 64-Bit Server VM Temurin-17.0.4+8 (17.0.4+8, mixed mode, tiered, compressed oops, compressed class ptrs, g1 gc, windows-amd64)
# Problematic frame:
# V  [jvm.dll+0x79fa7a]
#
# No core dump will be written. Minidumps are not enabled by default on client versions of Windows
#
# If you would like to submit a bug report, please visit:
#   https://github.com/adoptium/adoptium-support/issues
#

---------------  S U M M A R Y ------------

Command Line: -XX:+ShowCodeDetailsInExceptionMessages -agentlib:jdwp=transport=dt_socket,suspend=y,address=localhost:63147 -javaagent:C:\Users\Francisco\Documents\Spring\sts-4.15.3.RELEASE\configuration\org.eclipse.osgi\258\0\.cp\lib\javaagent-shaded.jar -Dfile.encoding=UTF-8 ar.com.gestionpedido.MainGestionPedido

Host: Intel(R) Core(TM) i5-10600K CPU @ 4.10GHz, 12 cores, 7G,  Windows 10 , 64 bit Build 19041 (10.0.19041.1889)
Time: Mon Oct 24 23:18:58 2022 Hora estándar de Argentina elapsed time: 575.325054 seconds (0d 0h 9m 35s)

---------------  T H R E A D  ---------------

Current thread (0x0000026cdc76d320):  JavaThread "JDWP Transport Listener: dt_socket" daemon [_thread_in_vm, id=12452, stack(0x000000948ff00000,0x0000009490000000)]

Stack: [0x000000948ff00000,0x0000009490000000],  sp=0x000000948ffff5a0,  free space=1021k
Native frames: (J=compiled Java code, j=interpreted, Vv=VM code, C=native code)
V  [jvm.dll+0x79fa7a]
V  [jvm.dll+0x50963c]
V  [jvm.dll+0x4d0ca4]
C  [jdwp.dll+0x22f7b]


siginfo: EXCEPTION_ACCESS_VIOLATION (0xc0000005), reading address 0x00000000001b001e


Register to memory mapping:

RIP=0x00007ffc9773fa7a jvm.dll
RAX=0x0000000000000048 is an unknown value
RBX=0x0000026cdc4381f4 points into unknown readable memory: 63 6c 64 72
RCX=0x00000000001b001a is an unknown value
RDX=0x0000026cdccbed40 points into unknown readable memory: 0x2f6d6f632f72614c | 4c 61 72 2f 63 6f 6d 2f
RSP=0x000000948ffff5a0 is pointing into the stack for thread: 0x0000026cdc76d320
RBP=0x0000026cdc6632b0 points into unknown readable memory: 0x0000000000000002 | 02 00 00 00 00 00 00 00
RSI=0x0 is NULL
RDI=0xffffffffffffffff is an unknown value
R8 =0x00000000000001ad is an unknown value
R9 =0x0000000000000040 is an unknown value
R10=0x0000000000000180 is an unknown value
R11=0x000000948ffff5c0 is pointing into the stack for thread: 0x0000026cdc76d320
R12=0x000000948ffff6f8 is pointing into the stack for thread: 0x0000026cdc76d320
R13=0x0 is NULL
R14=0x0000000100105918 is a pointer to class: 
ar.com.gestionpedido.DBUtilPedido {0x0000000100105920}
 - instance size:     2
 - klass size:        79
 - access:            public synchronized 
 - state:             fully_initialized
 - name:              'ar/com/gestionpedido/DBUtilPedido'
 - super:             'java/lang/Object'
 - sub:               
 - arrays:            NULL
 - methods:           Array<T>(0x0000026cdd83c010)
 - method ordering:   Array<T>(0x0000026cdd83c5a0)
 - default_methods:   Array<T>(0x0000000000000000)
 - local interfaces:  Array<T>(0x0000026cdd83bac8)
 - trans. interfaces: Array<T>(0x0000026cdd83bac8)
 - constants:         constant pool [74] {0x0000026cdd83f300} for 'ar/com/gestionpedido/DBUtilPedido' cache=0x0000026cdd83e7c0
 - class loader data:  loader data: 0x0000026cdbb1d510 for instance a 'jdk/internal/loader/ClassLoaders$AppClassLoader'{0x000000008a3571f0}
 - source file:       'DBUtilPedido.java'
 - source debug extension:       SMAP
DBUtilPedido.java
Java
*S jdt
*F
1 DBUtilPedido.java
2 file:/C:/desarrollo/spring/22815-CaCSpringBack/target/classes/
*L
*E

 - class annotations:       Array<T>(0x0000000000000000)
 - class type annotations:  Array<T>(0x0000000000000000)
 - field annotations:       Array<T>(0x0000000000000000)
 - field type annotations:  Array<T>(0x0000000000000000)
 - generic signature: '
[error occurred during error reporting (printing register info), id 0xc0000005, EXCEPTION_ACCESS_VIOLATION (0xc0000005) at pc=0x00007ffc97740686]

Registers:
RAX=0x0000000000000048, RBX=0x0000026cdc4381f4, RCX=0x00000000001b001a, RDX=0x0000026cdccbed40
RSP=0x000000948ffff5a0, RBP=0x0000026cdc6632b0, RSI=0x0000000000000000, RDI=0xffffffffffffffff
R8 =0x00000000000001ad, R9 =0x0000000000000040, R10=0x0000000000000180, R11=0x000000948ffff5c0
R12=0x000000948ffff6f8, R13=0x0000000000000000, R14=0x0000000100105918, R15=0x000000948ffff720
RIP=0x00007ffc9773fa7a, EFLAGS=0x0000000000010206

Top of Stack: (sp=0x000000948ffff5a0)
0x000000948ffff5a0:   0000000000000021 0000000100105918
0x000000948ffff5b0:   0000026cdccc3290 00007ffcec4347b1
0x000000948ffff5c0:   ffffffffffffffff 00007ffc974a963c
0x000000948ffff5d0:   0000026cdc4381f4 0000026cdc4381d0
0x000000948ffff5e0:   0000026cdc6632b0 0000000000000000
0x000000948ffff5f0:   0000026cdc438190 00000000000003d8
0x000000948ffff600:   0000026cdc4381a0 0000026cdc438578
0x000000948ffff610:   0000000000002a01 000000948ffff6f8
0x000000948ffff620:   0000000000000007 0000026cdc76d5c8
0x000000948ffff630:   0000000089fd2a58 00007ffc97470ca4
0x000000948ffff640:   0000026cdc76d320 000000948ffff720
0x000000948ffff650:   0000026cc177bc40 000000948ffff720
0x000000948ffff660:   0000026cdc76d320 0000000000000000
0x000000948ffff670:   0000000000000000 0000000000000000
0x000000948ffff680:   0000026cdc58e318 00007ffce0da2f7b
0x000000948ffff690:   000000948ffff718 00007ffce0db1600 

Instructions: (pc=0x00007ffc9773fa7a)
0x00007ffc9773f97a:   48 83 c4 20 5f e9 6c 69 90 ff cc cc cc cc cc cc
0x00007ffc9773f98a:   cc cc cc cc cc cc 48 89 5c 24 08 57 48 83 ec 20
0x00007ffc9773f99a:   83 fa 02 8d 42 06 b9 08 00 00 00 49 8b d8 0f 4e
0x00007ffc9773f9aa:   c1 48 63 c8 48 83 c1 07 83 e1 f8 48 63 f9 49 8b
0x00007ffc9773f9ba:   48 18 48 8b c7 48 f7 d0 48 3b c1 73 16 4c 8d 05
0x00007ffc9773f9ca:   6a 58 17 00 48 8b d7 48 8b cb e8 77 cc 90 ff 48
0x00007ffc9773f9da:   8b 4b 18 48 8d 04 39 48 3b 43 20 76 18 45 33 c0
0x00007ffc9773f9ea:   48 8b d7 48 8b cb 48 8b 5c 24 30 48 83 c4 20 5f
0x00007ffc9773f9fa:   e9 d1 c8 90 ff 48 89 43 18 48 8b c1 48 8b 5c 24
0x00007ffc9773fa0a:   30 48 83 c4 20 5f c3 cc cc cc cc cc cc cc cc cc
0x00007ffc9773fa1a:   cc cc cc cc cc cc 4c 8b d2 4c 8b d9 45 85 c0 7e
0x00007ffc9773fa2a:   3c 44 0f b7 49 04 41 8d 40 ff 41 3b c1 44 0f 4c
0x00007ffc9773fa3a:   c8 4d 63 c1 45 85 c9 7e 1f 48 8b c2 4c 2b da 49
0x00007ffc9773fa4a:   8b d0 0f 1f 40 00 41 0f b6 4c 03 06 88 08 48 8d
0x00007ffc9773fa5a:   40 01 48 83 ea 01 75 ee 43 c6 04 10 00 49 8b c2
0x00007ffc9773fa6a:   c3 cc cc cc cc cc 48 89 5c 24 08 57 48 83 ec 20
0x00007ffc9773fa7a:   0f b7 59 04 48 8b f9 33 d2 48 8d 4b 01 e8 c4 d9
0x00007ffc9773fa8a:   f2 ff 0f b7 57 04 4c 8b c0 3b da 0f 42 d3 44 8b
0x00007ffc9773fa9a:   ca 85 d2 74 39 48 2b f8 0f 1f 40 00 66 66 0f 1f
0x00007ffc9773faaa:   84 00 00 00 00 00 0f b6 4c 07 06 88 08 48 ff c0
0x00007ffc9773faba:   48 8b c8 49 2b c8 49 3b c9 7c eb 42 c6 04 02 00
0x00007ffc9773faca:   49 8b c0 48 8b 5c 24 30 48 83 c4 20 5f c3 48 8b
0x00007ffc9773fada:   5c 24 30 c6 04 02 00 48 83 c4 20 5f c3 cc cc cc
0x00007ffc9773faea:   cc cc cc cc cc cc 4c 8b d1 45 85 c0 7e 6c 44 0f
0x00007ffc9773fafa:   b7 49 04 41 8d 40 ff 41 3b c1 44 0f 4c c8 4d 63
0x00007ffc9773fb0a:   d9 45 85 c9 7e 22 48 8b ca 4c 2b d2 4d 8b c3 0f
0x00007ffc9773fb1a:   1f 80 00 00 00 00 41 0f b6 44 0a 06 88 01 48 8d
0x00007ffc9773fb2a:   49 01 49 83 e8 01 75 ee 41 c6 04 13 00 48 c7 c0
0x00007ffc9773fb3a:   ff ff ff ff 66 90 48 ff c0 80 3c 02 00 75 f7 48
0x00007ffc9773fb4a:   63 c8 85 c0 48 8b c2 7e 14 80 38 2f 75 03 c6 00
0x00007ffc9773fb5a:   2e 48 ff c0 48 83 e9 01 75 ef 48 8b c2 c3 cc cc
0x00007ffc9773fb6a:   cc cc cc cc cc cc 48 83 ec 28 e8 f7 fe ff ff 4c 


Stack slot to memory mapping:
stack at sp + 0 slots: 0x0000000000000021 is an unknown value
stack at sp + 1 slots: 0x0000000100105918 is a pointer to class: 
ar.com.gestionpedido.DBUtilPedido {0x0000000100105920}
 - instance size:     2
 - klass size:        79
 - access:            public synchronized 
 - state:             fully_initialized
 - name:              'ar/com/gestionpedido/DBUtilPedido'
 - super:             'java/lang/Object'
 - sub:               
 - arrays:            NULL
 - methods:           Array<T>(0x0000026cdd83c010)
 - method ordering:   Array<T>(0x0000026cdd83c5a0)
 - default_methods:   Array<T>(0x0000000000000000)
 - local interfaces:  Array<T>(0x0000026cdd83bac8)
 - trans. interfaces: Array<T>(0x0000026cdd83bac8)
 - constants:         constant pool [74] {0x0000026cdd83f300} for 'ar/com/gestionpedido/DBUtilPedido' cache=0x0000026cdd83e7c0
 - class loader data:  loader data: 0x0000026cdbb1d510 for instance a 'jdk/internal/loader/ClassLoaders$AppClassLoader'{0x000000008a3571f0}
 - source file:       'DBUtilPedido.java'
 - source debug extension:       SMAP
DBUtilPedido.java
Java
*S jdt
*F
1 DBUtilPedido.java
2 file:/C:/desarrollo/spring/22815-CaCSpringBack/target/classes/
*L
*E

 - class annotations:       Array<T>(0x0000000000000000)
 - class type annotations:  Array<T>(0x0000000000000000)
 - field annotations:       Array<T>(0x0000000000000000)
 - field type annotations:  Array<T>(0x0000000000000000)
 - generic signature: '
[error occurred during error reporting (inspecting top of stack), id 0xc0000005, EXCEPTION_ACCESS_VIOLATION (0xc0000005) at pc=0x00007ffc97740686]


---------------  P R O C E S S  ---------------

Threads class SMR info:
_java_thread_list=0x0000026cdcce4ac0, length=15, elements={
0x0000026cc178d6a0, 0x0000026cdc413620, 0x0000026cdbadb110, 0x0000026cdbb133a0,
0x0000026cdc426000, 0x0000026cdc4288d0, 0x0000026cdc42a9e0, 0x0000026cdc42c410,
0x0000026cdc441dc0, 0x0000026cdbb1bf30, 0x0000026cdc53eef0, 0x0000026cdc76d320,
0x0000026cdc76dfd0, 0x0000026cdc770a40, 0x0000026cdce97c40
}

Java Threads: ( => current thread )
  0x0000026cc178d6a0 JavaThread "main" [_thread_blocked, id=9584, stack(0x000000948ee00000,0x000000948ef00000)]
  0x0000026cdc413620 JavaThread "Reference Handler" daemon [_thread_blocked, id=11236, stack(0x000000948f500000,0x000000948f600000)]
  0x0000026cdbadb110 JavaThread "Finalizer" daemon [_thread_blocked, id=8960, stack(0x000000948f600000,0x000000948f700000)]
  0x0000026cdbb133a0 JavaThread "Signal Dispatcher" daemon [_thread_blocked, id=8880, stack(0x000000948f700000,0x000000948f800000)]
  0x0000026cdc426000 JavaThread "Attach Listener" daemon [_thread_blocked, id=14104, stack(0x000000948f800000,0x000000948f900000)]
  0x0000026cdc4288d0 JavaThread "Service Thread" daemon [_thread_blocked, id=6680, stack(0x000000948f900000,0x000000948fa00000)]
  0x0000026cdc42a9e0 JavaThread "Monitor Deflation Thread" daemon [_thread_blocked, id=13472, stack(0x000000948fa00000,0x000000948fb00000)]
  0x0000026cdc42c410 JavaThread "C2 CompilerThread0" daemon [_thread_blocked, id=10392, stack(0x000000948fb00000,0x000000948fc00000)]
  0x0000026cdc441dc0 JavaThread "C1 CompilerThread0" daemon [_thread_blocked, id=10624, stack(0x000000948fc00000,0x000000948fd00000)]
  0x0000026cdbb1bf30 JavaThread "Sweeper thread" daemon [_thread_blocked, id=6152, stack(0x000000948fd00000,0x000000948fe00000)]
  0x0000026cdc53eef0 JavaThread "Common-Cleaner" daemon [_thread_blocked, id=4084, stack(0x000000948fe00000,0x000000948ff00000)]
=>0x0000026cdc76d320 JavaThread "JDWP Transport Listener: dt_socket" daemon [_thread_in_vm, id=12452, stack(0x000000948ff00000,0x0000009490000000)]
  0x0000026cdc76dfd0 JavaThread "JDWP Event Helper Thread" daemon [_thread_blocked, id=7332, stack(0x0000009490000000,0x0000009490100000)]
  0x0000026cdc770a40 JavaThread "JDWP Command Reader" daemon [_thread_in_native, id=9252, stack(0x0000009490100000,0x0000009490200000)]
  0x0000026cdce97c40 JavaThread "Notification Thread" daemon [_thread_blocked, id=4696, stack(0x0000009490200000,0x0000009490300000)]

Other Threads:
  0x0000026cdbad6920 VMThread "VM Thread" [stack: 0x000000948f400000,0x000000948f500000] [id=9824]
  0x0000026cc1806f30 WatcherThread [stack: 0x0000009490300000,0x0000009490400000] [id=8892]
  0x0000026cc17ed2b0 GCTaskThread "GC Thread#0" [stack: 0x000000948ef00000,0x000000948f000000] [id=12100]
  0x0000026cc17fe4d0 ConcurrentGCThread "G1 Main Marker" [stack: 0x000000948f000000,0x000000948f100000] [id=10280]
  0x0000026cc17feee0 ConcurrentGCThread "G1 Conc#0" [stack: 0x000000948f100000,0x000000948f200000] [id=13160]
  0x0000026cc186de60 ConcurrentGCThread "G1 Refine#0" [stack: 0x000000948f200000,0x000000948f300000] [id=6656]
  0x0000026cc186e720 ConcurrentGCThread "G1 Service" [stack: 0x000000948f300000,0x000000948f400000] [id=10420]

Threads with active compile tasks:

VM state: not at safepoint (normal execution)

VM Mutex/Monitor currently owned by a thread: None

Heap address: 0x0000000082600000, size: 2010 MB, Compressed Oops mode: 32-bit

CDS archive(s) not mapped
Compressed class space mapped at: 0x0000000100000000-0x0000000140000000, reserved size: 1073741824
Narrow klass base: 0x0000000000000000, Narrow klass shift: 3, Narrow klass range: 0x140000000

GC Precious Log:
 CPUs: 12 total, 12 available
 Memory: 8037M
 Large Page Support: Disabled
 NUMA Support: Disabled
 Compressed Oops: Enabled (32-bit)
 Heap Region Size: 1M
 Heap Min Capacity: 8M
 Heap Initial Capacity: 126M
 Heap Max Capacity: 2010M
 Pre-touch: Disabled
 Parallel Workers: 10
 Concurrent Workers: 3
 Concurrent Refinement Workers: 10
 Periodic GC: Disabled

Heap:
 garbage-first heap   total 129024K, used 6144K [0x0000000082600000, 0x0000000100000000)
  region size 1024K, 7 young (7168K), 0 survivors (0K)
 Metaspace       used 10028K, committed 10176K, reserved 1064960K
  class space    used 875K, committed 960K, reserved 1048576K

Heap Regions: E=young(eden), S=young(survivor), O=old, HS=humongous(starts), HC=humongous(continues), CS=collection set, F=free, OA=open archive, CA=closed archive, TAMS=top-at-mark-start (previous, next)
|   0|0x0000000082600000, 0x0000000082600000, 0x0000000082700000|  0%| F|  |TAMS 0x0000000082600000, 0x0000000082600000| Untracked 
|   1|0x0000000082700000, 0x0000000082700000, 0x0000000082800000|  0%| F|  |TAMS 0x0000000082700000, 0x0000000082700000| Untracked 
|   2|0x0000000082800000, 0x0000000082800000, 0x0000000082900000|  0%| F|  |TAMS 0x0000000082800000, 0x0000000082800000| Untracked 
|   3|0x0000000082900000, 0x0000000082900000, 0x0000000082a00000|  0%| F|  |TAMS 0x0000000082900000, 0x0000000082900000| Untracked 
|   4|0x0000000082a00000, 0x0000000082a00000, 0x0000000082b00000|  0%| F|  |TAMS 0x0000000082a00000, 0x0000000082a00000| Untracked 
|   5|0x0000000082b00000, 0x0000000082b00000, 0x0000000082c00000|  0%| F|  |TAMS 0x0000000082b00000, 0x0000000082b00000| Untracked 
|   6|0x0000000082c00000, 0x0000000082c00000, 0x0000000082d00000|  0%| F|  |TAMS 0x0000000082c00000, 0x0000000082c00000| Untracked 
|   7|0x0000000082d00000, 0x0000000082d00000, 0x0000000082e00000|  0%| F|  |TAMS 0x0000000082d00000, 0x0000000082d00000| Untracked 
|   8|0x0000000082e00000, 0x0000000082e00000, 0x0000000082f00000|  0%| F|  |TAMS 0x0000000082e00000, 0x0000000082e00000| Untracked 
|   9|0x0000000082f00000, 0x0000000082f00000, 0x0000000083000000|  0%| F|  |TAMS 0x0000000082f00000, 0x0000000082f00000| Untracked 
|  10|0x0000000083000000, 0x0000000083000000, 0x0000000083100000|  0%| F|  |TAMS 0x0000000083000000, 0x0000000083000000| Untracked 
|  11|0x0000000083100000, 0x0000000083100000, 0x0000000083200000|  0%| F|  |TAMS 0x0000000083100000, 0x0000000083100000| Untracked 
|  12|0x0000000083200000, 0x0000000083200000, 0x0000000083300000|  0%| F|  |TAMS 0x0000000083200000, 0x0000000083200000| Untracked 
|  13|0x0000000083300000, 0x0000000083300000, 0x0000000083400000|  0%| F|  |TAMS 0x0000000083300000, 0x0000000083300000| Untracked 
|  14|0x0000000083400000, 0x0000000083400000, 0x0000000083500000|  0%| F|  |TAMS 0x0000000083400000, 0x0000000083400000| Untracked 
|  15|0x0000000083500000, 0x0000000083500000, 0x0000000083600000|  0%| F|  |TAMS 0x0000000083500000, 0x0000000083500000| Untracked 
|  16|0x0000000083600000, 0x0000000083600000, 0x0000000083700000|  0%| F|  |TAMS 0x0000000083600000, 0x0000000083600000| Untracked 
|  17|0x0000000083700000, 0x0000000083700000, 0x0000000083800000|  0%| F|  |TAMS 0x0000000083700000, 0x0000000083700000| Untracked 
|  18|0x0000000083800000, 0x0000000083800000, 0x0000000083900000|  0%| F|  |TAMS 0x0000000083800000, 0x0000000083800000| Untracked 
|  19|0x0000000083900000, 0x0000000083900000, 0x0000000083a00000|  0%| F|  |TAMS 0x0000000083900000, 0x0000000083900000| Untracked 
|  20|0x0000000083a00000, 0x0000000083a00000, 0x0000000083b00000|  0%| F|  |TAMS 0x0000000083a00000, 0x0000000083a00000| Untracked 
|  21|0x0000000083b00000, 0x0000000083b00000, 0x0000000083c00000|  0%| F|  |TAMS 0x0000000083b00000, 0x0000000083b00000| Untracked 
|  22|0x0000000083c00000, 0x0000000083c00000, 0x0000000083d00000|  0%| F|  |TAMS 0x0000000083c00000, 0x0000000083c00000| Untracked 
|  23|0x0000000083d00000, 0x0000000083d00000, 0x0000000083e00000|  0%| F|  |TAMS 0x0000000083d00000, 0x0000000083d00000| Untracked 
|  24|0x0000000083e00000, 0x0000000083e00000, 0x0000000083f00000|  0%| F|  |TAMS 0x0000000083e00000, 0x0000000083e00000| Untracked 
|  25|0x0000000083f00000, 0x0000000083f00000, 0x0000000084000000|  0%| F|  |TAMS 0x0000000083f00000, 0x0000000083f00000| Untracked 
|  26|0x0000000084000000, 0x0000000084000000, 0x0000000084100000|  0%| F|  |TAMS 0x0000000084000000, 0x0000000084000000| Untracked 
|  27|0x0000000084100000, 0x0000000084100000, 0x0000000084200000|  0%| F|  |TAMS 0x0000000084100000, 0x0000000084100000| Untracked 
|  28|0x0000000084200000, 0x0000000084200000, 0x0000000084300000|  0%| F|  |TAMS 0x0000000084200000, 0x0000000084200000| Untracked 
|  29|0x0000000084300000, 0x0000000084300000, 0x0000000084400000|  0%| F|  |TAMS 0x0000000084300000, 0x0000000084300000| Untracked 
|  30|0x0000000084400000, 0x0000000084400000, 0x0000000084500000|  0%| F|  |TAMS 0x0000000084400000, 0x0000000084400000| Untracked 
|  31|0x0000000084500000, 0x0000000084500000, 0x0000000084600000|  0%| F|  |TAMS 0x0000000084500000, 0x0000000084500000| Untracked 
|  32|0x0000000084600000, 0x0000000084600000, 0x0000000084700000|  0%| F|  |TAMS 0x0000000084600000, 0x0000000084600000| Untracked 
|  33|0x0000000084700000, 0x0000000084700000, 0x0000000084800000|  0%| F|  |TAMS 0x0000000084700000, 0x0000000084700000| Untracked 
|  34|0x0000000084800000, 0x0000000084800000, 0x0000000084900000|  0%| F|  |TAMS 0x0000000084800000, 0x0000000084800000| Untracked 
|  35|0x0000000084900000, 0x0000000084900000, 0x0000000084a00000|  0%| F|  |TAMS 0x0000000084900000, 0x0000000084900000| Untracked 
|  36|0x0000000084a00000, 0x0000000084a00000, 0x0000000084b00000|  0%| F|  |TAMS 0x0000000084a00000, 0x0000000084a00000| Untracked 
|  37|0x0000000084b00000, 0x0000000084b00000, 0x0000000084c00000|  0%| F|  |TAMS 0x0000000084b00000, 0x0000000084b00000| Untracked 
|  38|0x0000000084c00000, 0x0000000084c00000, 0x0000000084d00000|  0%| F|  |TAMS 0x0000000084c00000, 0x0000000084c00000| Untracked 
|  39|0x0000000084d00000, 0x0000000084d00000, 0x0000000084e00000|  0%| F|  |TAMS 0x0000000084d00000, 0x0000000084d00000| Untracked 
|  40|0x0000000084e00000, 0x0000000084e00000, 0x0000000084f00000|  0%| F|  |TAMS 0x0000000084e00000, 0x0000000084e00000| Untracked 
|  41|0x0000000084f00000, 0x0000000084f00000, 0x0000000085000000|  0%| F|  |TAMS 0x0000000084f00000, 0x0000000084f00000| Untracked 
|  42|0x0000000085000000, 0x0000000085000000, 0x0000000085100000|  0%| F|  |TAMS 0x0000000085000000, 0x0000000085000000| Untracked 
|  43|0x0000000085100000, 0x0000000085100000, 0x0000000085200000|  0%| F|  |TAMS 0x0000000085100000, 0x0000000085100000| Untracked 
|  44|0x0000000085200000, 0x0000000085200000, 0x0000000085300000|  0%| F|  |TAMS 0x0000000085200000, 0x0000000085200000| Untracked 
|  45|0x0000000085300000, 0x0000000085300000, 0x0000000085400000|  0%| F|  |TAMS 0x0000000085300000, 0x0000000085300000| Untracked 
|  46|0x0000000085400000, 0x0000000085400000, 0x0000000085500000|  0%| F|  |TAMS 0x0000000085400000, 0x0000000085400000| Untracked 
|  47|0x0000000085500000, 0x0000000085500000, 0x0000000085600000|  0%| F|  |TAMS 0x0000000085500000, 0x0000000085500000| Untracked 
|  48|0x0000000085600000, 0x0000000085600000, 0x0000000085700000|  0%| F|  |TAMS 0x0000000085600000, 0x0000000085600000| Untracked 
|  49|0x0000000085700000, 0x0000000085700000, 0x0000000085800000|  0%| F|  |TAMS 0x0000000085700000, 0x0000000085700000| Untracked 
|  50|0x0000000085800000, 0x0000000085800000, 0x0000000085900000|  0%| F|  |TAMS 0x0000000085800000, 0x0000000085800000| Untracked 
|  51|0x0000000085900000, 0x0000000085900000, 0x0000000085a00000|  0%| F|  |TAMS 0x0000000085900000, 0x0000000085900000| Untracked 
|  52|0x0000000085a00000, 0x0000000085a00000, 0x0000000085b00000|  0%| F|  |TAMS 0x0000000085a00000, 0x0000000085a00000| Untracked 
|  53|0x0000000085b00000, 0x0000000085b00000, 0x0000000085c00000|  0%| F|  |TAMS 0x0000000085b00000, 0x0000000085b00000| Untracked 
|  54|0x0000000085c00000, 0x0000000085c00000, 0x0000000085d00000|  0%| F|  |TAMS 0x0000000085c00000, 0x0000000085c00000| Untracked 
|  55|0x0000000085d00000, 0x0000000085d00000, 0x0000000085e00000|  0%| F|  |TAMS 0x0000000085d00000, 0x0000000085d00000| Untracked 
|  56|0x0000000085e00000, 0x0000000085e00000, 0x0000000085f00000|  0%| F|  |TAMS 0x0000000085e00000, 0x0000000085e00000| Untracked 
|  57|0x0000000085f00000, 0x0000000085f00000, 0x0000000086000000|  0%| F|  |TAMS 0x0000000085f00000, 0x0000000085f00000| Untracked 
|  58|0x0000000086000000, 0x0000000086000000, 0x0000000086100000|  0%| F|  |TAMS 0x0000000086000000, 0x0000000086000000| Untracked 
|  59|0x0000000086100000, 0x0000000086100000, 0x0000000086200000|  0%| F|  |TAMS 0x0000000086100000, 0x0000000086100000| Untracked 
|  60|0x0000000086200000, 0x0000000086200000, 0x0000000086300000|  0%| F|  |TAMS 0x0000000086200000, 0x0000000086200000| Untracked 
|  61|0x0000000086300000, 0x0000000086300000, 0x0000000086400000|  0%| F|  |TAMS 0x0000000086300000, 0x0000000086300000| Untracked 
|  62|0x0000000086400000, 0x0000000086400000, 0x0000000086500000|  0%| F|  |TAMS 0x0000000086400000, 0x0000000086400000| Untracked 
|  63|0x0000000086500000, 0x0000000086500000, 0x0000000086600000|  0%| F|  |TAMS 0x0000000086500000, 0x0000000086500000| Untracked 
|  64|0x0000000086600000, 0x0000000086600000, 0x0000000086700000|  0%| F|  |TAMS 0x0000000086600000, 0x0000000086600000| Untracked 
|  65|0x0000000086700000, 0x0000000086700000, 0x0000000086800000|  0%| F|  |TAMS 0x0000000086700000, 0x0000000086700000| Untracked 
|  66|0x0000000086800000, 0x0000000086800000, 0x0000000086900000|  0%| F|  |TAMS 0x0000000086800000, 0x0000000086800000| Untracked 
|  67|0x0000000086900000, 0x0000000086900000, 0x0000000086a00000|  0%| F|  |TAMS 0x0000000086900000, 0x0000000086900000| Untracked 
|  68|0x0000000086a00000, 0x0000000086a00000, 0x0000000086b00000|  0%| F|  |TAMS 0x0000000086a00000, 0x0000000086a00000| Untracked 
|  69|0x0000000086b00000, 0x0000000086b00000, 0x0000000086c00000|  0%| F|  |TAMS 0x0000000086b00000, 0x0000000086b00000| Untracked 
|  70|0x0000000086c00000, 0x0000000086c00000, 0x0000000086d00000|  0%| F|  |TAMS 0x0000000086c00000, 0x0000000086c00000| Untracked 
|  71|0x0000000086d00000, 0x0000000086d00000, 0x0000000086e00000|  0%| F|  |TAMS 0x0000000086d00000, 0x0000000086d00000| Untracked 
|  72|0x0000000086e00000, 0x0000000086e00000, 0x0000000086f00000|  0%| F|  |TAMS 0x0000000086e00000, 0x0000000086e00000| Untracked 
|  73|0x0000000086f00000, 0x0000000086f00000, 0x0000000087000000|  0%| F|  |TAMS 0x0000000086f00000, 0x0000000086f00000| Untracked 
|  74|0x0000000087000000, 0x0000000087000000, 0x0000000087100000|  0%| F|  |TAMS 0x0000000087000000, 0x0000000087000000| Untracked 
|  75|0x0000000087100000, 0x0000000087100000, 0x0000000087200000|  0%| F|  |TAMS 0x0000000087100000, 0x0000000087100000| Untracked 
|  76|0x0000000087200000, 0x0000000087200000, 0x0000000087300000|  0%| F|  |TAMS 0x0000000087200000, 0x0000000087200000| Untracked 
|  77|0x0000000087300000, 0x0000000087300000, 0x0000000087400000|  0%| F|  |TAMS 0x0000000087300000, 0x0000000087300000| Untracked 
|  78|0x0000000087400000, 0x0000000087400000, 0x0000000087500000|  0%| F|  |TAMS 0x0000000087400000, 0x0000000087400000| Untracked 
|  79|0x0000000087500000, 0x0000000087500000, 0x0000000087600000|  0%| F|  |TAMS 0x0000000087500000, 0x0000000087500000| Untracked 
|  80|0x0000000087600000, 0x0000000087600000, 0x0000000087700000|  0%| F|  |TAMS 0x0000000087600000, 0x0000000087600000| Untracked 
|  81|0x0000000087700000, 0x0000000087700000, 0x0000000087800000|  0%| F|  |TAMS 0x0000000087700000, 0x0000000087700000| Untracked 
|  82|0x0000000087800000, 0x0000000087800000, 0x0000000087900000|  0%| F|  |TAMS 0x0000000087800000, 0x0000000087800000| Untracked 
|  83|0x0000000087900000, 0x0000000087900000, 0x0000000087a00000|  0%| F|  |TAMS 0x0000000087900000, 0x0000000087900000| Untracked 
|  84|0x0000000087a00000, 0x0000000087a00000, 0x0000000087b00000|  0%| F|  |TAMS 0x0000000087a00000, 0x0000000087a00000| Untracked 
|  85|0x0000000087b00000, 0x0000000087b00000, 0x0000000087c00000|  0%| F|  |TAMS 0x0000000087b00000, 0x0000000087b00000| Untracked 
|  86|0x0000000087c00000, 0x0000000087c00000, 0x0000000087d00000|  0%| F|  |TAMS 0x0000000087c00000, 0x0000000087c00000| Untracked 
|  87|0x0000000087d00000, 0x0000000087d00000, 0x0000000087e00000|  0%| F|  |TAMS 0x0000000087d00000, 0x0000000087d00000| Untracked 
|  88|0x0000000087e00000, 0x0000000087e00000, 0x0000000087f00000|  0%| F|  |TAMS 0x0000000087e00000, 0x0000000087e00000| Untracked 
|  89|0x0000000087f00000, 0x0000000087f00000, 0x0000000088000000|  0%| F|  |TAMS 0x0000000087f00000, 0x0000000087f00000| Untracked 
|  90|0x0000000088000000, 0x0000000088000000, 0x0000000088100000|  0%| F|  |TAMS 0x0000000088000000, 0x0000000088000000| Untracked 
|  91|0x0000000088100000, 0x0000000088100000, 0x0000000088200000|  0%| F|  |TAMS 0x0000000088100000, 0x0000000088100000| Untracked 
|  92|0x0000000088200000, 0x0000000088200000, 0x0000000088300000|  0%| F|  |TAMS 0x0000000088200000, 0x0000000088200000| Untracked 
|  93|0x0000000088300000, 0x0000000088300000, 0x0000000088400000|  0%| F|  |TAMS 0x0000000088300000, 0x0000000088300000| Untracked 
|  94|0x0000000088400000, 0x0000000088400000, 0x0000000088500000|  0%| F|  |TAMS 0x0000000088400000, 0x0000000088400000| Untracked 
|  95|0x0000000088500000, 0x0000000088500000, 0x0000000088600000|  0%| F|  |TAMS 0x0000000088500000, 0x0000000088500000| Untracked 
|  96|0x0000000088600000, 0x0000000088600000, 0x0000000088700000|  0%| F|  |TAMS 0x0000000088600000, 0x0000000088600000| Untracked 
|  97|0x0000000088700000, 0x0000000088700000, 0x0000000088800000|  0%| F|  |TAMS 0x0000000088700000, 0x0000000088700000| Untracked 
|  98|0x0000000088800000, 0x0000000088800000, 0x0000000088900000|  0%| F|  |TAMS 0x0000000088800000, 0x0000000088800000| Untracked 
|  99|0x0000000088900000, 0x0000000088900000, 0x0000000088a00000|  0%| F|  |TAMS 0x0000000088900000, 0x0000000088900000| Untracked 
| 100|0x0000000088a00000, 0x0000000088a00000, 0x0000000088b00000|  0%| F|  |TAMS 0x0000000088a00000, 0x0000000088a00000| Untracked 
| 101|0x0000000088b00000, 0x0000000088b00000, 0x0000000088c00000|  0%| F|  |TAMS 0x0000000088b00000, 0x0000000088b00000| Untracked 
| 102|0x0000000088c00000, 0x0000000088c00000, 0x0000000088d00000|  0%| F|  |TAMS 0x0000000088c00000, 0x0000000088c00000| Untracked 
| 103|0x0000000088d00000, 0x0000000088d00000, 0x0000000088e00000|  0%| F|  |TAMS 0x0000000088d00000, 0x0000000088d00000| Untracked 
| 104|0x0000000088e00000, 0x0000000088e00000, 0x0000000088f00000|  0%| F|  |TAMS 0x0000000088e00000, 0x0000000088e00000| Untracked 
| 105|0x0000000088f00000, 0x0000000088f00000, 0x0000000089000000|  0%| F|  |TAMS 0x0000000088f00000, 0x0000000088f00000| Untracked 
| 106|0x0000000089000000, 0x0000000089000000, 0x0000000089100000|  0%| F|  |TAMS 0x0000000089000000, 0x0000000089000000| Untracked 
| 107|0x0000000089100000, 0x0000000089100000, 0x0000000089200000|  0%| F|  |TAMS 0x0000000089100000, 0x0000000089100000| Untracked 
| 108|0x0000000089200000, 0x0000000089200000, 0x0000000089300000|  0%| F|  |TAMS 0x0000000089200000, 0x0000000089200000| Untracked 
| 109|0x0000000089300000, 0x0000000089300000, 0x0000000089400000|  0%| F|  |TAMS 0x0000000089300000, 0x0000000089300000| Untracked 
| 110|0x0000000089400000, 0x0000000089400000, 0x0000000089500000|  0%| F|  |TAMS 0x0000000089400000, 0x0000000089400000| Untracked 
| 111|0x0000000089500000, 0x0000000089500000, 0x0000000089600000|  0%| F|  |TAMS 0x0000000089500000, 0x0000000089500000| Untracked 
| 112|0x0000000089600000, 0x0000000089600000, 0x0000000089700000|  0%| F|  |TAMS 0x0000000089600000, 0x0000000089600000| Untracked 
| 113|0x0000000089700000, 0x0000000089700000, 0x0000000089800000|  0%| F|  |TAMS 0x0000000089700000, 0x0000000089700000| Untracked 
| 114|0x0000000089800000, 0x0000000089800000, 0x0000000089900000|  0%| F|  |TAMS 0x0000000089800000, 0x0000000089800000| Untracked 
| 115|0x0000000089900000, 0x0000000089900000, 0x0000000089a00000|  0%| F|  |TAMS 0x0000000089900000, 0x0000000089900000| Untracked 
| 116|0x0000000089a00000, 0x0000000089a00000, 0x0000000089b00000|  0%| F|  |TAMS 0x0000000089a00000, 0x0000000089a00000| Untracked 
| 117|0x0000000089b00000, 0x0000000089b00000, 0x0000000089c00000|  0%| F|  |TAMS 0x0000000089b00000, 0x0000000089b00000| Untracked 
| 118|0x0000000089c00000, 0x0000000089c00000, 0x0000000089d00000|  0%| F|  |TAMS 0x0000000089c00000, 0x0000000089c00000| Untracked 
| 119|0x0000000089d00000, 0x0000000089dec2b0, 0x0000000089e00000| 92%| E|  |TAMS 0x0000000089d00000, 0x0000000089d00000| Complete 
| 120|0x0000000089e00000, 0x0000000089f00000, 0x0000000089f00000|100%| E|CS|TAMS 0x0000000089e00000, 0x0000000089e00000| Complete 
| 121|0x0000000089f00000, 0x000000008a000000, 0x000000008a000000|100%| E|CS|TAMS 0x0000000089f00000, 0x0000000089f00000| Complete 
| 122|0x000000008a000000, 0x000000008a100000, 0x000000008a100000|100%| E|CS|TAMS 0x000000008a000000, 0x000000008a000000| Complete 
| 123|0x000000008a100000, 0x000000008a200000, 0x000000008a200000|100%| E|CS|TAMS 0x000000008a100000, 0x000000008a100000| Complete 
| 124|0x000000008a200000, 0x000000008a300000, 0x000000008a300000|100%| E|CS|TAMS 0x000000008a200000, 0x000000008a200000| Complete 
| 125|0x000000008a300000, 0x000000008a400000, 0x000000008a400000|100%| E|CS|TAMS 0x000000008a300000, 0x000000008a300000| Complete 

Card table byte_map: [0x0000026cd47b0000,0x0000026cd4ba0000] _byte_map_base: 0x0000026cd439d000

Marking Bits (Prev, Next): (CMBitMap*) 0x0000026cc17ed8c0, (CMBitMap*) 0x0000026cc17ed900
 Prev Bits: [0x0000026cd4f90000, 0x0000026cd6ef8000)
 Next Bits: [0x0000026cd6f00000, 0x0000026cd8e68000)

Polling page: 0x0000026cbf700000

Metaspace:

Usage:
  Non-class:      8.94 MB used.
      Class:    875.40 KB used.
       Both:      9.79 MB used.

Virtual space:
  Non-class space:       16.00 MB reserved,       9.00 MB ( 56%) committed,  2 nodes.
      Class space:        1.00 GB reserved,     960.00 KB ( <1%) committed,  1 nodes.
             Both:        1.02 GB reserved,       9.94 MB ( <1%) committed. 

Chunk freelists:
   Non-Class:  2.73 MB
       Class:  2.97 MB
        Both:  5.69 MB

MaxMetaspaceSize: unlimited
CompressedClassSpaceSize: 1.00 GB
Initial GC threshold: 21.00 MB
Current GC threshold: 21.00 MB
CDS: off
MetaspaceReclaimPolicy: balanced
 - commit_granule_bytes: 65536.
 - commit_granule_words: 8192.
 - virtual_space_node_default_size: 1048576.
 - enlarge_chunks_in_place: 1.
 - new_chunks_are_fully_committed: 0.
 - uncommit_free_chunks: 1.
 - use_allocation_guard: 0.
 - handle_deallocations: 1.


Internal statistics:

num_allocs_failed_limit: 0.
num_arena_births: 10.
num_arena_deaths: 0.
num_vsnodes_births: 3.
num_vsnodes_deaths: 0.
num_space_committed: 159.
num_space_uncommitted: 0.
num_chunks_returned_to_freelist: 0.
num_chunks_taken_from_freelist: 50.
num_chunk_merges: 0.
num_chunk_splits: 21.
num_chunks_enlarged: 16.
num_purges: 0.
num_inconsistent_stats: 0.

CodeHeap 'non-profiled nmethods': size=120000Kb used=157Kb max_used=157Kb free=119843Kb
 bounds [0x0000026ccc930000, 0x0000026cccba0000, 0x0000026cd3e60000]
CodeHeap 'profiled nmethods': size=120000Kb used=671Kb max_used=671Kb free=119328Kb
 bounds [0x0000026cc5400000, 0x0000026cc5670000, 0x0000026ccc930000]
CodeHeap 'non-nmethods': size=5760Kb used=1201Kb max_used=1227Kb free=4558Kb
 bounds [0x0000026cc4e60000, 0x0000026cc50d0000, 0x0000026cc5400000]
 total_blobs=868 nmethods=450 adapters=331
 compilation: enabled
              stopped_count=0, restarted_count=0
 full_count=0

Compilation events (20 events):
Event: 1.060 Thread 0x0000026cdc42c410  439       4       java.lang.AbstractStringBuilder::append (77 bytes)
Event: 1.062 Thread 0x0000026cdc42c410 nmethod 439 0x0000026ccc956110 code [0x0000026ccc9562a0, 0x0000026ccc9567d8]
Event: 256.318 Thread 0x0000026cdc441dc0  443       3       org.eclipse.jdt.launching.internal.org.objectweb.asm.ClassReader::getItem (7 bytes)
Event: 256.319 Thread 0x0000026cdc441dc0 nmethod 443 0x0000026cc54a6110 code [0x0000026cc54a62a0, 0x0000026cc54a63d8]
Event: 256.319 Thread 0x0000026cdc42c410  445       4       org.eclipse.jdt.launching.internal.org.objectweb.asm.ClassReader::readUnsignedShort (26 bytes)
Event: 256.319 Thread 0x0000026cdc441dc0  444       3       org.eclipse.jdt.launching.internal.org.objectweb.asm.SymbolTable::addConstantUtf8 (20 bytes)
Event: 256.319 Thread 0x0000026cdc441dc0 nmethod 444 0x0000026cc54a6490 code [0x0000026cc54a6660, 0x0000026cc54a6908]
Event: 256.319 Thread 0x0000026cdc441dc0  446       3       org.eclipse.jdt.launching.internal.org.objectweb.asm.ByteVector::putShort (52 bytes)
Event: 256.319 Thread 0x0000026cdc441dc0 nmethod 446 0x0000026cc54a6a90 code [0x0000026cc54a6c40, 0x0000026cc54a6e48]
Event: 256.319 Thread 0x0000026cdc42c410 nmethod 445 0x0000026ccc956a90 code [0x0000026ccc956c00, 0x0000026ccc956cf8]
Event: 311.575 Thread 0x0000026cdc441dc0  447       3       org.eclipse.jdt.launching.internal.org.objectweb.asm.SymbolTable::get (13 bytes)
Event: 311.576 Thread 0x0000026cdc441dc0 

Event: 396.872 Thread 0x0000026cdc441dc0  448       1       org.eclipse.jdt.launching.internal.org.objectweb.asm.SymbolTable::getMajorVersion (5 bytes)
Event: 396.872 Thread 0x0000026cdc441dc0 nmethod 448 0x0000026ccc956e10 code [0x0000026ccc956fa0, 0x0000026ccc957078]
Event: 437.360 Thread 0x0000026cdc441dc0  450       3       org.eclipse.jdt.launching.internal.org.objectweb.asm.SymbolTable::addConstantUtf8 (98 bytes)
Event: 437.361 Thread 0x0000026cdc441dc0 nmethod 450 0x0000026cc54a6f90 code [0x0000026cc54a71c0, 0x0000026cc54a77b8]
Event: 437.361 Thread 0x0000026cdc441dc0  449       3       org.eclipse.jdt.launching.internal.org.objectweb.asm.ClassReader::readInt (52 bytes)
Event: 437.361 Thread 0x0000026cdc441dc0 nmethod 449 0x0000026cc54a7b10 code [0x0000026cc54a7ca0, 0x0000026cc54a7e78]
Event: 437.361 Thread 0x0000026cdc441dc0  451       1       org.eclipse.jdt.launching.internal.org.objectweb.asm.SymbolTable::getSource (5 bytes)
Event: 437.361 Thread 0x0000026cdc441dc0 nmethod 451 0x0000026ccc957110 code [0x0000026ccc9572a0, 0x0000026ccc957378]

GC Heap History (0 events):
No events

Deoptimization events (20 events):
Event: 0.208 Thread 0x0000026cc178d6a0 DEOPT PACKING pc=0x0000026cc546f42c sp=0x000000948eefb9a0
Event: 0.208 Thread 0x0000026cc178d6a0 DEOPT UNPACKING pc=0x0000026cc4eb2b43 sp=0x000000948eefae08 mode 0
Event: 0.208 Thread 0x0000026cc178d6a0 DEOPT PACKING pc=0x0000026cc546f42c sp=0x000000948eefb9a0
Event: 0.208 Thread 0x0000026cc178d6a0 DEOPT UNPACKING pc=0x0000026cc4eb2b43 sp=0x000000948eefae08 mode 0
Event: 0.209 Thread 0x0000026cc178d6a0 DEOPT PACKING pc=0x0000026cc546f42c sp=0x000000948eef7ed0
Event: 0.209 Thread 0x0000026cc178d6a0 DEOPT UNPACKING pc=0x0000026cc4eb2b43 sp=0x000000948eef7338 mode 0
Event: 0.210 Thread 0x0000026cc178d6a0 DEOPT PACKING pc=0x0000026cc546f42c sp=0x000000948eefb8d0
Event: 0.210 Thread 0x0000026cc178d6a0 DEOPT UNPACKING pc=0x0000026cc4eb2b43 sp=0x000000948eefad38 mode 0
Event: 0.211 Thread 0x0000026cc178d6a0 DEOPT PACKING pc=0x0000026cc546f42c sp=0x000000948eefb9a0
Event: 0.211 Thread 0x0000026cc178d6a0 DEOPT UNPACKING pc=0x0000026cc4eb2b43 sp=0x000000948eefae08 mode 0
Event: 0.213 Thread 0x0000026cc178d6a0 DEOPT PACKING pc=0x0000026cc546f42c sp=0x000000948eef7b40
Event: 0.213 Thread 0x0000026cc178d6a0 DEOPT UNPACKING pc=0x0000026cc4eb2b43 sp=0x000000948eef6fa8 mode 0
Event: 0.213 Thread 0x0000026cc178d6a0 DEOPT PACKING pc=0x0000026cc546f354 sp=0x000000948eef7b40
Event: 0.213 Thread 0x0000026cc178d6a0 DEOPT UNPACKING pc=0x0000026cc4eb2b43 sp=0x000000948eef6fa8 mode 0
Event: 0.214 Thread 0x0000026cc178d6a0 DEOPT PACKING pc=0x0000026cc546f354 sp=0x000000948eef7b40
Event: 0.214 Thread 0x0000026cc178d6a0 DEOPT UNPACKING pc=0x0000026cc4eb2b43 sp=0x000000948eef6fa8 mode 0
Event: 0.214 Thread 0x0000026cc178d6a0 DEOPT PACKING pc=0x0000026cc546f354 sp=0x000000948eef7b40
Event: 0.214 Thread 0x0000026cc178d6a0 DEOPT UNPACKING pc=0x0000026cc4eb2b43 sp=0x000000948eef6fa8 mode 0
Event: 0.214 Thread 0x0000026cc178d6a0 DEOPT PACKING pc=0x0000026cc546f42c sp=0x000000948eef7b40
Event: 0.214 Thread 0x0000026cc178d6a0 DEOPT UNPACKING pc=0x0000026cc4eb2b43 sp=0x000000948eef6fa8 mode 0

Classes unloaded (0 events):
No events

Classes redefined (4 events):
Event: 256.320 Thread 0x0000026cdbad6920 redefined class name=ar.com.gestionpedido.DBUtilPedido, count=1
Event: 256.320 Thread 0x0000026cdbad6920 redefined class name=ar.com.gestionpedido.IDBUtil, count=1
Event: 275.076 Thread 0x0000026cdbad6920 redefined class name=ar.com.gestionpedido.DBUtilPedido, count=2
Event: 311.575 Thread 0x0000026cdbad6920 redefined class name=ar.com.gestionpedido.MainGestionPedido, count=1

Internal exceptions (0 events):
No events

VM Operations (20 events):
Event: 0.217 Executing VM operation: ChangeBreakpoints
Event: 0.217 Executing VM operation: ChangeBreakpoints done
Event: 0.221 Executing VM operation: ChangeBreakpoints
Event: 0.222 Executing VM operation: ChangeBreakpoints done
Event: 1.230 Executing VM operation: Cleanup
Event: 1.231 Executing VM operation: Cleanup done
Event: 256.320 Executing VM operation: RedefineClasses
Event: 256.321 Executing VM operation: RedefineClasses done
Event: 256.325 Executing VM operation: ChangeBreakpoints
Event: 256.325 Executing VM operation: ChangeBreakpoints done
Event: 275.069 Executing VM operation: ChangeBreakpoints
Event: 275.069 Executing VM operation: ChangeBreakpoints done
Event: 275.075 Executing VM operation: RedefineClasses
Event: 275.077 Executing VM operation: RedefineClasses done
Event: 311.575 Executing VM operation: RedefineClasses
Event: 311.576 Executing VM operation: RedefineClasses done
Event: 311.580 Executing VM operation: ChangeBreakpoints
Event: 311.580 Executing VM operation: ChangeBreakpoints done
Event: 311.584 Executing VM operation: ChangeBreakpoints
Event: 311.584 Executing VM operation: ChangeBreakpoints done

Events (20 events):
Event: 1.039 loading class sun/util/resources/OpenListResourceBundle
Event: 1.039 loading class sun/util/resources/OpenListResourceBundle done
Event: 1.039 loading class sun/util/resources/TimeZoneNamesBundle done
Event: 1.039 loading class sun/util/resources/cldr/TimeZoneNames done
Event: 1.039 loading class java/util/ResourceBundle$ResourceBundleProviderHelper
Event: 1.039 loading class java/util/ResourceBundle$ResourceBundleProviderHelper done
Event: 1.040 loading class sun/util/resources/Bundles$BundleReference
Event: 1.040 loading class sun/util/resources/Bundles$CacheKeyReference
Event: 1.040 loading class sun/util/resources/Bundles$CacheKeyReference done
Event: 1.040 loading class sun/util/resources/Bundles$BundleReference done
Event: 1.040 loading class sun/util/resources/cldr/TimeZoneNames_en
Event: 1.040 loading class sun/util/resources/cldr/TimeZoneNames_en done
Event: 1.040 loading class sun/util/resources/cldr/TimeZoneNames_en_US
Event: 1.040 loading class sun/util/resources/cldr/TimeZoneNames_en_US done
Event: 1.041 loading class sun/util/locale/provider/LocaleResources$ResourceReference
Event: 1.041 loading class sun/util/locale/provider/LocaleResources$ResourceReference done
Event: 1.041 loading class sun/util/resources/TimeZoneNames
Event: 1.042 loading class sun/util/resources/TimeZoneNames done
Event: 1.042 loading class sun/util/resources/TimeZoneNames_en
Event: 1.042 loading class sun/util/resources/TimeZoneNames_en done


Dynamic libraries:
0x00007ff7a2fb0000 - 0x00007ff7a2fbe000 	C:\Users\Francisco\Documents\Spring\sts-4.15.3.RELEASE\plugins\org.eclipse.justj.openjdk.hotspot.jre.full.win32.x86_64_17.0.4.v20220805-1047\jre\bin\javaw.exe
0x00007ffcec410000 - 0x00007ffcec608000 	C:\Windows\SYSTEM32\ntdll.dll
0x00007ffceb590000 - 0x00007ffceb64d000 	C:\Windows\System32\KERNEL32.DLL
0x00007ffce9ee0000 - 0x00007ffcea1ae000 	C:\Windows\System32\KERNELBASE.dll
0x00007ffce9c30000 - 0x00007ffce9d30000 	C:\Windows\System32\ucrtbase.dll
0x00007ffce0a30000 - 0x00007ffce0a49000 	C:\Users\Francisco\Documents\Spring\sts-4.15.3.RELEASE\plugins\org.eclipse.justj.openjdk.hotspot.jre.full.win32.x86_64_17.0.4.v20220805-1047\jre\bin\VCRUNTIME140.dll
0x00007ffce0a10000 - 0x00007ffce0a28000 	C:\Users\Francisco\Documents\Spring\sts-4.15.3.RELEASE\plugins\org.eclipse.justj.openjdk.hotspot.jre.full.win32.x86_64_17.0.4.v20220805-1047\jre\bin\jli.dll
0x00007ffcebb10000 - 0x00007ffcebcb0000 	C:\Windows\System32\USER32.dll
0x00007ffcea440000 - 0x00007ffcea462000 	C:\Windows\System32\win32u.dll
0x00007ffcda610000 - 0x00007ffcda8aa000 	C:\Windows\WinSxS\amd64_microsoft.windows.common-controls_6595b64144ccf1df_6.0.19041.1110_none_60b5254171f9507e\COMCTL32.dll
0x00007ffceb650000 - 0x00007ffceb67a000 	C:\Windows\System32\GDI32.dll
0x00007ffcea500000 - 0x00007ffcea59e000 	C:\Windows\System32\msvcrt.dll
0x00007ffce9dd0000 - 0x00007ffce9edb000 	C:\Windows\System32\gdi32full.dll
0x00007ffce9d30000 - 0x00007ffce9dcd000 	C:\Windows\System32\msvcp_win.dll
0x00007ffceb4b0000 - 0x00007ffceb4e0000 	C:\Windows\System32\IMM32.DLL
0x00007ffce5680000 - 0x00007ffce568c000 	C:\Users\Francisco\Documents\Spring\sts-4.15.3.RELEASE\plugins\org.eclipse.justj.openjdk.hotspot.jre.full.win32.x86_64_17.0.4.v20220805-1047\jre\bin\vcruntime140_1.dll
0x00007ffcc2e00000 - 0x00007ffcc2e91000 	C:\Users\Francisco\Documents\Spring\sts-4.15.3.RELEASE\plugins\org.eclipse.justj.openjdk.hotspot.jre.full.win32.x86_64_17.0.4.v20220805-1047\jre\bin\msvcp140.dll
0x00007ffc96fa0000 - 0x00007ffc97be6000 	C:\Users\Francisco\Documents\Spring\sts-4.15.3.RELEASE\plugins\org.eclipse.justj.openjdk.hotspot.jre.full.win32.x86_64_17.0.4.v20220805-1047\jre\bin\server\jvm.dll
0x00007ffcebeb0000 - 0x00007ffcebf5e000 	C:\Windows\System32\ADVAPI32.dll
0x00007ffceae30000 - 0x00007ffceaecc000 	C:\Windows\System32\sechost.dll
0x00007ffceb380000 - 0x00007ffceb4a5000 	C:\Windows\System32\RPCRT4.dll
0x00007ffceb370000 - 0x00007ffceb378000 	C:\Windows\System32\PSAPI.DLL
0x00007ffcdf8e0000 - 0x00007ffcdf907000 	C:\Windows\SYSTEM32\WINMM.dll
0x00007ffce47c0000 - 0x00007ffce47ca000 	C:\Windows\SYSTEM32\VERSION.dll
0x00007ffce1af0000 - 0x00007ffce1af9000 	C:\Windows\SYSTEM32\WSOCK32.dll
0x00007ffceafc0000 - 0x00007ffceb02b000 	C:\Windows\System32\WS2_32.dll
0x00007ffce7920000 - 0x00007ffce7932000 	C:\Windows\SYSTEM32\kernel.appcore.dll
0x00007ffce1090000 - 0x00007ffce109a000 	C:\Users\Francisco\Documents\Spring\sts-4.15.3.RELEASE\plugins\org.eclipse.justj.openjdk.hotspot.jre.full.win32.x86_64_17.0.4.v20220805-1047\jre\bin\jimage.dll
0x00007ffcde770000 - 0x00007ffcde954000 	C:\Windows\SYSTEM32\DBGHELP.DLL
0x00007ffcdd9e0000 - 0x00007ffcdda0c000 	C:\Windows\SYSTEM32\dbgcore.DLL
0x00007ffce9b30000 - 0x00007ffce9bb2000 	C:\Windows\System32\bcryptPrimitives.dll
0x00007ffce0d80000 - 0x00007ffce0dbb000 	C:\Users\Francisco\Documents\Spring\sts-4.15.3.RELEASE\plugins\org.eclipse.justj.openjdk.hotspot.jre.full.win32.x86_64_17.0.4.v20220805-1047\jre\bin\jdwp.dll
0x00007ffce1050000 - 0x00007ffce105e000 	C:\Users\Francisco\Documents\Spring\sts-4.15.3.RELEASE\plugins\org.eclipse.justj.openjdk.hotspot.jre.full.win32.x86_64_17.0.4.v20220805-1047\jre\bin\instrument.dll
0x00007ffce0c00000 - 0x00007ffce0c25000 	C:\Users\Francisco\Documents\Spring\sts-4.15.3.RELEASE\plugins\org.eclipse.justj.openjdk.hotspot.jre.full.win32.x86_64_17.0.4.v20220805-1047\jre\bin\java.dll
0x00007ffcdec10000 - 0x00007ffcdec28000 	C:\Users\Francisco\Documents\Spring\sts-4.15.3.RELEASE\plugins\org.eclipse.justj.openjdk.hotspot.jre.full.win32.x86_64_17.0.4.v20220805-1047\jre\bin\zip.dll
0x00007ffcea5a0000 - 0x00007ffceace3000 	C:\Windows\System32\SHELL32.dll
0x00007ffce7c00000 - 0x00007ffce8395000 	C:\Windows\SYSTEM32\windows.storage.dll
0x00007ffceb7b0000 - 0x00007ffcebb04000 	C:\Windows\System32\combase.dll
0x00007ffce93e0000 - 0x00007ffce9410000 	C:\Windows\SYSTEM32\Wldp.dll
0x00007ffceb4e0000 - 0x00007ffceb58d000 	C:\Windows\System32\SHCORE.dll
0x00007ffceaf50000 - 0x00007ffceafa5000 	C:\Windows\System32\shlwapi.dll
0x00007ffce9a70000 - 0x00007ffce9a8f000 	C:\Windows\SYSTEM32\profapi.dll
0x00007ffce0c40000 - 0x00007ffce0c4c000 	C:\Users\Francisco\Documents\Spring\sts-4.15.3.RELEASE\plugins\org.eclipse.justj.openjdk.hotspot.jre.full.win32.x86_64_17.0.4.v20220805-1047\jre\bin\dt_socket.dll
0x00007ffce8ed0000 - 0x00007ffce8f0b000 	C:\Windows\SYSTEM32\IPHLPAPI.DLL
0x00007ffce91c0000 - 0x00007ffce922a000 	C:\Windows\system32\mswsock.dll
0x00007ffce8f10000 - 0x00007ffce8fda000 	C:\Windows\SYSTEM32\DNSAPI.dll
0x00007ffceb360000 - 0x00007ffceb368000 	C:\Windows\System32\NSI.dll
0x00007ffce29d0000 - 0x00007ffce29da000 	C:\Windows\System32\rasadhlp.dll
0x00007ffce2fa0000 - 0x00007ffce3020000 	C:\Windows\System32\fwpuclnt.dll
0x00007ffcea3c0000 - 0x00007ffcea3e7000 	C:\Windows\System32\bcrypt.dll
0x00007ffcdebf0000 - 0x00007ffcdec09000 	C:\Users\Francisco\Documents\Spring\sts-4.15.3.RELEASE\plugins\org.eclipse.justj.openjdk.hotspot.jre.full.win32.x86_64_17.0.4.v20220805-1047\jre\bin\net.dll
0x00007ffce4a60000 - 0x00007ffce4b6a000 	C:\Windows\SYSTEM32\WINHTTP.dll
0x00007ffcdeb50000 - 0x00007ffcdeb65000 	C:\Users\Francisco\Documents\Spring\sts-4.15.3.RELEASE\plugins\org.eclipse.justj.openjdk.hotspot.jre.full.win32.x86_64_17.0.4.v20220805-1047\jre\bin\nio.dll
0x00007ffce0dc0000 - 0x00007ffce0dd0000 	C:\Users\Francisco\Documents\Spring\sts-4.15.3.RELEASE\plugins\org.eclipse.justj.openjdk.hotspot.jre.full.win32.x86_64_17.0.4.v20220805-1047\jre\bin\verify.dll

dbghelp: loaded successfully - version: 4.0.5 - missing functions: none
symbol engine: initialized successfully - sym options: 0x614 - pdb path: .;C:\Users\Francisco\Documents\Spring\sts-4.15.3.RELEASE\plugins\org.eclipse.justj.openjdk.hotspot.jre.full.win32.x86_64_17.0.4.v20220805-1047\jre\bin;C:\Windows\SYSTEM32;C:\Windows\WinSxS\amd64_microsoft.windows.common-controls_6595b64144ccf1df_6.0.19041.1110_none_60b5254171f9507e;C:\Users\Francisco\Documents\Spring\sts-4.15.3.RELEASE\plugins\org.eclipse.justj.openjdk.hotspot.jre.full.win32.x86_64_17.0.4.v20220805-1047\jre\bin\server

VM Arguments:
jvm_args: -XX:+ShowCodeDetailsInExceptionMessages -agentlib:jdwp=transport=dt_socket,suspend=y,address=localhost:63147 -javaagent:C:\Users\Francisco\Documents\Spring\sts-4.15.3.RELEASE\configuration\org.eclipse.osgi\258\0\.cp\lib\javaagent-shaded.jar -Dfile.encoding=UTF-8 
java_command: ar.com.gestionpedido.MainGestionPedido
java_class_path (initial): C:\desarrollo\spring\22815-CaCSpringBack\target\classes
Launcher Type: SUN_STANDARD

[Global flags]
     intx CICompilerCount                          = 4                                         {product} {ergonomic}
     uint ConcGCThreads                            = 3                                         {product} {ergonomic}
     uint G1ConcRefinementThreads                  = 10                                        {product} {ergonomic}
   size_t G1HeapRegionSize                         = 1048576                                   {product} {ergonomic}
    uintx GCDrainStackTargetSize                   = 64                                        {product} {ergonomic}
   size_t InitialHeapSize                          = 132120576                                 {product} {ergonomic}
   size_t MarkStackSize                            = 4194304                                   {product} {ergonomic}
   size_t MaxHeapSize                              = 2107637760                                {product} {ergonomic}
   size_t MaxNewSize                               = 1264582656                                {product} {ergonomic}
   size_t MinHeapDeltaBytes                        = 1048576                                   {product} {ergonomic}
   size_t MinHeapSize                              = 8388608                                   {product} {ergonomic}
    uintx NonNMethodCodeHeapSize                   = 5839372                                {pd product} {ergonomic}
    uintx NonProfiledCodeHeapSize                  = 122909434                              {pd product} {ergonomic}
    uintx ProfiledCodeHeapSize                     = 122909434                              {pd product} {ergonomic}
    uintx ReservedCodeCacheSize                    = 251658240                              {pd product} {ergonomic}
     bool SegmentedCodeCache                       = true                                      {product} {ergonomic}
     bool ShowCodeDetailsInExceptionMessages       = true                                   {manageable} {command line}
   size_t SoftMaxHeapSize                          = 2107637760                             {manageable} {ergonomic}
     bool UseCompressedClassPointers               = true                           {product lp64_product} {ergonomic}
     bool UseCompressedOops                        = true                           {product lp64_product} {ergonomic}
     bool UseG1GC                                  = true                                      {product} {ergonomic}
     bool UseLargePagesIndividualAllocation        = false                                  {pd product} {ergonomic}

Logging:
Log output configuration:
 #0: stdout all=warning uptime,level,tags
 #1: stderr all=off uptime,level,tags

Environment Variables:
JAVA_HOME=C:\Program Files\Java\jdk-11.0.15
PATH=C:\Users\Francisco\Documents\Spring\sts-4.15.3.RELEASE\plugins\org.eclipse.justj.openjdk.hotspot.jre.full.win32.x86_64_17.0.4.v20220805-1047\jre\bin;C:/Users/Francisco/Documents/Spring/sts-4.15.3.RELEASE//plugins/org.eclipse.justj.openjdk.hotspot.jre.full.win32.x86_64_17.0.4.v20220805-1047/jre/bin/server;C:/Users/Francisco/Documents/Spring/sts-4.15.3.RELEASE//plugins/org.eclipse.justj.openjdk.hotspot.jre.full.win32.x86_64_17.0.4.v20220805-1047/jre/bin;C:\Windows\system32;C:\Windows;C:\Windows\System32\Wbem;C:\Windows\System32\WindowsPowerShell\v1.0\;C:\Windows\System32\OpenSSH\;C:\Program Files\Git\cmd;C:\Program Files\Azure Data Studio\bin;C:\Program Files\Docker\Docker\resources\bin;C:\ProgramData\DockerDesktop\version-bin;C:\Program Files\nodejs\;%MAVEN_HOME%\bin;C:\Program Files (x86)\AOMEI Backupper\AOMEI Backupper 5.9.0;C:\Program Files\dotnet\;C:\Program Files\Microsoft SQL Server\Client SDK\ODBC\170\Tools\Binn\;C:\Program Files\Java\jdk-11.0.15\bin;C:\Program Files (x86)\Microsoft VS Code\bin;C:\Program Files (x86)\Microsoft SQL Server\150\Tools\Binn\;C:\Program Files\Microsoft SQL Server\150\Tools\Binn\;C:\Program Files\Microsoft SQL Server\150\DTS\Binn\;C:\Program Files (x86)\Microsoft SQL Server\150\DTS\Binn\;C:\Program Files\MySQL\MySQL Shell 8.0\bin\;C:\Users\Francisco\AppData\Local\Microsoft\WindowsApps;C:\Program Files\Azure Data Studio\bin;C:\Users\Francisco\AppData\Roaming\npm;C:\Users\Francisco\.dotnet\tools;;C:\Users\Francisco\Documents\Spring\sts-4.15.3.RELEASE;
USERNAME=Francisco
OS=Windows_NT
PROCESSOR_IDENTIFIER=Intel64 Family 6 Model 165 Stepping 5, GenuineIntel
TMP=C:\Users\FRANCI~1\AppData\Local\Temp
TEMP=C:\Users\FRANCI~1\AppData\Local\Temp



---------------  S Y S T E M  ---------------

OS:
 Windows 10 , 64 bit Build 19041 (10.0.19041.1889)
OS uptime: 0 days 3:17 hours
Hyper-V role detected

CPU: total 12 (initial active 12) (6 cores per cpu, 2 threads per core) family 6 model 165 stepping 5 microcode 0xe2, cx8, cmov, fxsr, ht, mmx, 3dnowpref, sse, sse2, sse3, ssse3, sse4.1, sse4.2, popcnt, lzcnt, tsc, tscinvbit, avx, avx2, aes, erms, clmul, bmi1, bmi2, adx, fma, vzeroupper, clflush, clflushopt, hv

Memory: 4k page, system-wide physical 8037M (3412M free)
TotalPageFile size 12133M (AvailPageFile size 5127M)
current process WorkingSet (physical memory assigned to process): 47M, peak: 51M
current process commit charge ("private bytes"): 213M, peak: 217M

vm_info: OpenJDK 64-Bit Server VM (17.0.4+8) for windows-amd64 JRE (17.0.4+8), built on Jul 19 2022 16:05:16 by "temurin" with MS VC++ 16.7 (VS2019)

END.
